<?xml version="1.0" encoding="UTF-8"?>
<!-- Generated by org.testng.reporters.JUnitXMLReporter -->
<testsuite ignored="0" hostname="DESKTOP-QLTKSRN" failures="2" tests="11" name="Test" time="127.973" errors="0" timestamp="08 Nov. 2020 00:00:54 GMT">
  <testcase classname="testcases.LoginPageTest" name="loginPageTitleTest" time="0.115"/>
  <testcase classname="testcases.HomePageTest" name="verifyHomepageTitle" time="0.026">
    <skipped/>
  </testcase> <!-- verifyHomepageTitle -->
  <testcase classname="testcases.HomePageTest" name="verifyHomepageTitle" time="0.028">
    <skipped/>
  </testcase> <!-- verifyHomepageTitle -->
  <testcase classname="testcases.HomePageTest" name="verifyHomepageTitle" time="0.023">
    <failure type="java.lang.AssertionError" message="HomePAge title not match expected [CRMPR] but found [CRMPRO]">
      <![CDATA[java.lang.AssertionError: HomePAge title not match expected [CRMPR] but found [CRMPRO]
	at testcases.HomePageTest.verifyHomepageTitle(HomePageTest.java:39)
... Removed 30 stack frames]]>
    </failure>
  </testcase> <!-- verifyHomepageTitle -->
  <testcase classname="testcases.ContactsPageTest" name="verifyContactPAgeLabel" time="0.095"/>
  <testcase classname="testcases.LoginPageTest" name="LogoImage" time="0.174"/>
  <testcase classname="testcases.HomePageTest" name="verifyingUserName" time="0.264"/>
  <testcase classname="testcases.ContactsPageTest" name="selectcontactTest" time="0.198"/>
  <testcase classname="testcases.LoginPageTest" name="loginTest" time="3.679"/>
  <testcase classname="testcases.HomePageTest" name="verifyContactLink" time="1.722"/>
  <testcase classname="testcases.ContactsPageTest" name="validateCreateNewContact" time="0.0">
    <failure type="org.testng.TestNGException" message="
Method public void testcases.ContactsPageTest.validateCreateNewContact(java.lang.String,java.lang.String,java.lang.String,java.lang.String) requires a @DataProvider named : getCRMTestData">
      <![CDATA[org.testng.TestNGException: 
Method public void testcases.ContactsPageTest.validateCreateNewContact(java.lang.String,java.lang.String,java.lang.String,java.lang.String) requires a @DataProvider named : getCRMTestData
... Removed 22 stack frames]]>
    </failure>
  </testcase> <!-- validateCreateNewContact -->
</testsuite> <!-- Test -->
