<?xml version="1.0" encoding="UTF-8"?>
<!-- Generated by org.testng.reporters.JUnitXMLReporter -->
<testsuite hostname="DESKTOP-QLTKSRN" ignored="0" name="Surefire test" tests="6" failures="0" timestamp="07 Nov 2020 05:56:07 GMT" time="58.385" errors="0">
  <testcase name="verifyHomepageTitle" time="0.017" classname="testcases.HomePageTest"/>
  <testcase name="loginPageTitleTest" time="0.08" classname="testcases.LoginPageTest"/>
  <testcase name="verifyingUserName" time="0.218" classname="testcases.HomePageTest"/>
  <testcase name="LogoImage" time="0.169" classname="testcases.LoginPageTest"/>
  <testcase name="verifyContactLink" time="1.931" classname="testcases.HomePageTest"/>
  <testcase name="loginTest" time="3.122" classname="testcases.LoginPageTest"/>
</testsuite> <!-- Surefire test -->
