<?xml version="1.0" encoding="UTF-8"?>
<!-- Generated by org.testng.reporters.JUnitXMLReporter -->
<testsuite ignored="0" hostname="DESKTOP-QLTKSRN" failures="0" tests="3" name="Default test" time="37.972" errors="0" timestamp="07 Nov. 2020 22:06:50 GMT">
  <testcase classname="testcases.HomePageTest" name="verifyHomepageTitle" time="0.038"/>
  <testcase classname="testcases.HomePageTest" name="verifyingUserName" time="0.496"/>
  <testcase classname="testcases.HomePageTest" name="verifyContactLink" time="1.864"/>
</testsuite> <!-- Default test -->
