<?xml version="1.0" encoding="UTF-8"?>
<testng-results skipped="1" failed="0" ignored="0" total="9" passed="8">
  <reporter-output>
  </reporter-output>
  <suite name="FREE CRM Application Test Automation Test Suite" duration-ms="87469" started-at="2020-11-07T05:09:50Z" finished-at="2020-11-07T05:11:18Z">
    <groups>
    </groups>
    <test name="Test" duration-ms="87469" started-at="2020-11-07T05:09:50Z" finished-at="2020-11-07T05:11:18Z">
      <class name="testcases.ContactsPageTest">
        <test-method status="PASS" signature="setUp()[pri:0, instance:testcases.ContactsPageTest@6a41eaa2]" name="setUp" is-config="true" duration-ms="11536" started-at="2020-11-07T00:10:09Z" finished-at="2020-11-07T00:10:21Z">
          <reporter-output>
          </reporter-output>
        </test-method> <!-- setUp -->
        <test-method status="PASS" signature="verifyContactPAgeLabel()[pri:1, instance:testcases.ContactsPageTest@6a41eaa2]" name="verifyContactPAgeLabel" duration-ms="67" started-at="2020-11-07T00:10:21Z" finished-at="2020-11-07T00:10:21Z">
          <reporter-output>
          </reporter-output>
        </test-method> <!-- verifyContactPAgeLabel -->
        <test-method status="PASS" signature="teardown()[pri:0, instance:testcases.ContactsPageTest@6a41eaa2]" name="teardown" is-config="true" duration-ms="1529" started-at="2020-11-07T00:10:21Z" finished-at="2020-11-07T00:10:22Z">
          <reporter-output>
          </reporter-output>
        </test-method> <!-- teardown -->
        <test-method status="PASS" signature="setUp()[pri:0, instance:testcases.ContactsPageTest@6a41eaa2]" name="setUp" is-config="true" duration-ms="12410" started-at="2020-11-07T00:10:42Z" finished-at="2020-11-07T00:10:54Z">
          <reporter-output>
          </reporter-output>
        </test-method> <!-- setUp -->
        <test-method status="PASS" signature="selectcontactTest()[pri:2, instance:testcases.ContactsPageTest@6a41eaa2]" name="selectcontactTest" duration-ms="194" started-at="2020-11-07T00:10:54Z" finished-at="2020-11-07T00:10:54Z">
          <reporter-output>
          </reporter-output>
        </test-method> <!-- selectcontactTest -->
        <test-method status="PASS" signature="teardown()[pri:0, instance:testcases.ContactsPageTest@6a41eaa2]" name="teardown" is-config="true" duration-ms="1122" started-at="2020-11-07T00:10:54Z" finished-at="2020-11-07T00:10:55Z">
          <reporter-output>
          </reporter-output>
        </test-method> <!-- teardown -->
        <test-method status="SKIP" signature="validateCreateNewContact(java.lang.String, java.lang.String, java.lang.String, java.lang.String)[pri:3, instance:testcases.ContactsPageTest@6a41eaa2]" name="validateCreateNewContact" duration-ms="0" started-at="2020-11-07T00:11:18Z" data-provider="getCRMTestData" finished-at="2020-11-07T00:11:18Z">
          <exception class="java.lang.RuntimeException">
            <message>
              <![CDATA[java.lang.Error: Unresolved compilation problem: 
	The method getTestData(String) is undefined for the type Xls_Reader
]]>
            </message>
            <full-stacktrace>
              <![CDATA[java.lang.RuntimeException: java.lang.Error: Unresolved compilation problem: 
	The method getTestData(String) is undefined for the type Xls_Reader

	at org.testng.internal.MethodInvocationHelper.invokeMethodNoCheckedException(MethodInvocationHelper.java:49)
	at org.testng.internal.MethodInvocationHelper.invokeDataProvider(MethodInvocationHelper.java:115)
	at org.testng.internal.Parameters.handleParameters(Parameters.java:509)
	at org.testng.internal.Invoker.handleParameters(Invoker.java:1308)
	at org.testng.internal.Invoker.createParameters(Invoker.java:1036)
	at org.testng.internal.Invoker.invokeTestMethods(Invoker.java:1126)
	at org.testng.internal.TestMethodWorker.invokeTestMethods(TestMethodWorker.java:126)
	at org.testng.internal.TestMethodWorker.run(TestMethodWorker.java:109)
	at org.testng.TestRunner.privateRun(TestRunner.java:744)
	at org.testng.TestRunner.run(TestRunner.java:602)
	at org.testng.SuiteRunner.runTest(SuiteRunner.java:380)
	at org.testng.SuiteRunner.runSequentially(SuiteRunner.java:375)
	at org.testng.SuiteRunner.privateRun(SuiteRunner.java:340)
	at org.testng.SuiteRunner.run(SuiteRunner.java:289)
	at org.testng.SuiteRunnerWorker.runSuite(SuiteRunnerWorker.java:52)
	at org.testng.SuiteRunnerWorker.run(SuiteRunnerWorker.java:86)
	at org.testng.TestNG.runSuitesSequentially(TestNG.java:1301)
	at org.testng.TestNG.runSuitesLocally(TestNG.java:1226)
	at org.testng.TestNG.runSuites(TestNG.java:1144)
	at org.testng.TestNG.run(TestNG.java:1115)
	at org.testng.remote.AbstractRemoteTestNG.run(AbstractRemoteTestNG.java:132)
	at org.testng.remote.RemoteTestNG.initAndRun(RemoteTestNG.java:230)
	at org.testng.remote.RemoteTestNG.main(RemoteTestNG.java:76)
Caused by: java.lang.Error: Unresolved compilation problem: 
	The method getTestData(String) is undefined for the type Xls_Reader

	at testcases.ContactsPageTest.getCRMTestData(ContactsPageTest.java:56)
	at sun.reflect.NativeMethodAccessorImpl.invoke0(Native Method)
	at sun.reflect.NativeMethodAccessorImpl.invoke(Unknown Source)
	at sun.reflect.DelegatingMethodAccessorImpl.invoke(Unknown Source)
	at java.lang.reflect.Method.invoke(Unknown Source)
	at org.testng.internal.MethodInvocationHelper.invokeMethod(MethodInvocationHelper.java:108)
	at org.testng.internal.MethodInvocationHelper.invokeMethod(MethodInvocationHelper.java:55)
	at org.testng.internal.MethodInvocationHelper.invokeMethodNoCheckedException(MethodInvocationHelper.java:45)
	... 22 more
]]>
            </full-stacktrace>
          </exception> <!-- java.lang.RuntimeException -->
          <reporter-output>
          </reporter-output>
        </test-method> <!-- validateCreateNewContact -->
      </class> <!-- testcases.ContactsPageTest -->
      <class name="testcases.HomePageTest">
        <test-method status="PASS" signature="setUp()[pri:0, instance:testcases.HomePageTest@685cb137]" name="setUp" is-config="true" duration-ms="9678" started-at="2020-11-07T00:09:59Z" finished-at="2020-11-07T00:10:08Z">
          <reporter-output>
          </reporter-output>
        </test-method> <!-- setUp -->
        <test-method status="PASS" signature="verifyHomepageTitle()[pri:1, instance:testcases.HomePageTest@685cb137]" name="verifyHomepageTitle" duration-ms="15" started-at="2020-11-07T00:10:08Z" finished-at="2020-11-07T00:10:08Z">
          <reporter-output>
          </reporter-output>
        </test-method> <!-- verifyHomepageTitle -->
        <test-method status="PASS" signature="tearDown()[pri:0, instance:testcases.HomePageTest@685cb137]" name="tearDown" is-config="true" duration-ms="779" started-at="2020-11-07T00:10:08Z" finished-at="2020-11-07T00:10:09Z">
          <reporter-output>
          </reporter-output>
        </test-method> <!-- tearDown -->
        <test-method status="PASS" signature="setUp()[pri:0, instance:testcases.HomePageTest@685cb137]" name="setUp" is-config="true" duration-ms="10111" started-at="2020-11-07T00:10:31Z" finished-at="2020-11-07T00:10:41Z">
          <reporter-output>
          </reporter-output>
        </test-method> <!-- setUp -->
        <test-method status="PASS" signature="verifyingUserName()[pri:2, instance:testcases.HomePageTest@685cb137]" name="verifyingUserName" duration-ms="224" started-at="2020-11-07T00:10:41Z" finished-at="2020-11-07T00:10:41Z">
          <reporter-output>
          </reporter-output>
        </test-method> <!-- verifyingUserName -->
        <test-method status="PASS" signature="tearDown()[pri:0, instance:testcases.HomePageTest@685cb137]" name="tearDown" is-config="true" duration-ms="745" started-at="2020-11-07T00:10:41Z" finished-at="2020-11-07T00:10:42Z">
          <reporter-output>
          </reporter-output>
        </test-method> <!-- tearDown -->
        <test-method status="PASS" signature="setUp()[pri:0, instance:testcases.HomePageTest@685cb137]" name="setUp" is-config="true" duration-ms="8638" started-at="2020-11-07T00:11:06Z" finished-at="2020-11-07T00:11:15Z">
          <reporter-output>
          </reporter-output>
        </test-method> <!-- setUp -->
        <test-method status="PASS" signature="verifyContactLink()[pri:3, instance:testcases.HomePageTest@685cb137]" name="verifyContactLink" duration-ms="1644" started-at="2020-11-07T00:11:15Z" finished-at="2020-11-07T00:11:16Z">
          <reporter-output>
          </reporter-output>
        </test-method> <!-- verifyContactLink -->
        <test-method status="PASS" signature="tearDown()[pri:0, instance:testcases.HomePageTest@685cb137]" name="tearDown" is-config="true" duration-ms="1256" started-at="2020-11-07T00:11:16Z" finished-at="2020-11-07T00:11:18Z">
          <reporter-output>
          </reporter-output>
        </test-method> <!-- tearDown -->
      </class> <!-- testcases.HomePageTest -->
      <class name="testcases.LoginPageTest">
        <test-method status="PASS" signature="SetUP()[pri:0, instance:testcases.LoginPageTest@6a4f787b]" name="SetUP" is-config="true" duration-ms="6982" started-at="2020-11-07T00:09:50Z" finished-at="2020-11-07T00:09:57Z">
          <reporter-output>
          </reporter-output>
        </test-method> <!-- SetUP -->
        <test-method status="PASS" signature="loginPageTitleTest()[pri:1, instance:testcases.LoginPageTest@6a4f787b]" name="loginPageTitleTest" duration-ms="150" started-at="2020-11-07T00:09:57Z" finished-at="2020-11-07T00:09:57Z">
          <reporter-output>
          </reporter-output>
        </test-method> <!-- loginPageTitleTest -->
        <test-method status="PASS" signature="tearDown()[pri:0, instance:testcases.LoginPageTest@6a4f787b]" name="tearDown" is-config="true" duration-ms="1285" started-at="2020-11-07T00:09:57Z" finished-at="2020-11-07T00:09:59Z">
          <reporter-output>
          </reporter-output>
        </test-method> <!-- tearDown -->
        <test-method status="PASS" signature="SetUP()[pri:0, instance:testcases.LoginPageTest@6a4f787b]" name="SetUP" is-config="true" duration-ms="7475" started-at="2020-11-07T00:10:22Z" finished-at="2020-11-07T00:10:30Z">
          <reporter-output>
          </reporter-output>
        </test-method> <!-- SetUP -->
        <test-method status="PASS" signature="LogoImage()[pri:2, instance:testcases.LoginPageTest@6a4f787b]" name="LogoImage" duration-ms="162" started-at="2020-11-07T00:10:30Z" finished-at="2020-11-07T00:10:30Z">
          <reporter-output>
          </reporter-output>
        </test-method> <!-- LogoImage -->
        <test-method status="PASS" signature="tearDown()[pri:0, instance:testcases.LoginPageTest@6a4f787b]" name="tearDown" is-config="true" duration-ms="744" started-at="2020-11-07T00:10:30Z" finished-at="2020-11-07T00:10:31Z">
          <reporter-output>
          </reporter-output>
        </test-method> <!-- tearDown -->
        <test-method status="PASS" signature="SetUP()[pri:0, instance:testcases.LoginPageTest@6a4f787b]" name="SetUP" is-config="true" duration-ms="6834" started-at="2020-11-07T00:10:55Z" finished-at="2020-11-07T00:11:02Z">
          <reporter-output>
          </reporter-output>
        </test-method> <!-- SetUP -->
        <test-method status="PASS" signature="loginTest()[pri:3, instance:testcases.LoginPageTest@6a4f787b]" name="loginTest" duration-ms="2982" started-at="2020-11-07T00:11:02Z" finished-at="2020-11-07T00:11:05Z">
          <reporter-output>
          </reporter-output>
        </test-method> <!-- loginTest -->
        <test-method status="PASS" signature="tearDown()[pri:0, instance:testcases.LoginPageTest@6a4f787b]" name="tearDown" is-config="true" duration-ms="832" started-at="2020-11-07T00:11:05Z" finished-at="2020-11-07T00:11:06Z">
          <reporter-output>
          </reporter-output>
        </test-method> <!-- tearDown -->
      </class> <!-- testcases.LoginPageTest -->
    </test> <!-- Test -->
  </suite> <!-- FREE CRM Application Test Automation Test Suite -->
</testng-results>
