<?xml version="1.0" encoding="UTF-8"?>
<testng-results ignored="0" total="3" passed="3" failed="0" skipped="0">
  <reporter-output>
  </reporter-output>
  <suite started-at="2020-11-07T22:06:12Z" name="Default suite" finished-at="2020-11-07T22:06:50Z" duration-ms="37972">
    <groups>
    </groups>
    <test started-at="2020-11-07T22:06:12Z" name="Default test" finished-at="2020-11-07T22:06:50Z" duration-ms="37972">
      <class name="testcases.HomePageTest">
        <test-method is-config="true" signature="setUp()[pri:0, instance:testcases.HomePageTest@23f7d05d]" started-at="2020-11-07T17:06:12Z" name="setUp" finished-at="2020-11-07T17:06:22Z" duration-ms="10551" status="PASS">
          <reporter-output>
          </reporter-output>
        </test-method> <!-- setUp -->
        <test-method signature="verifyHomepageTitle()[pri:1, instance:testcases.HomePageTest@23f7d05d]" started-at="2020-11-07T17:06:22Z" name="verifyHomepageTitle" finished-at="2020-11-07T17:06:22Z" duration-ms="38" status="PASS">
          <reporter-output>
          </reporter-output>
        </test-method> <!-- verifyHomepageTitle -->
        <test-method is-config="true" signature="tearDown()[pri:0, instance:testcases.HomePageTest@23f7d05d]" started-at="2020-11-07T17:06:22Z" name="tearDown" finished-at="2020-11-07T17:06:23Z" duration-ms="1082" status="PASS">
          <reporter-output>
          </reporter-output>
        </test-method> <!-- tearDown -->
        <test-method is-config="true" signature="setUp()[pri:0, instance:testcases.HomePageTest@23f7d05d]" started-at="2020-11-07T17:06:23Z" name="setUp" finished-at="2020-11-07T17:06:33Z" duration-ms="9287" status="PASS">
          <reporter-output>
          </reporter-output>
        </test-method> <!-- setUp -->
        <test-method signature="verifyingUserName()[pri:2, instance:testcases.HomePageTest@23f7d05d]" started-at="2020-11-07T17:06:33Z" name="verifyingUserName" finished-at="2020-11-07T17:06:33Z" duration-ms="496" status="PASS">
          <reporter-output>
          </reporter-output>
        </test-method> <!-- verifyingUserName -->
        <test-method is-config="true" signature="tearDown()[pri:0, instance:testcases.HomePageTest@23f7d05d]" started-at="2020-11-07T17:06:33Z" name="tearDown" finished-at="2020-11-07T17:06:35Z" duration-ms="1612" status="PASS">
          <reporter-output>
          </reporter-output>
        </test-method> <!-- tearDown -->
        <test-method is-config="true" signature="setUp()[pri:0, instance:testcases.HomePageTest@23f7d05d]" started-at="2020-11-07T17:06:35Z" name="setUp" finished-at="2020-11-07T17:06:47Z" duration-ms="12104" status="PASS">
          <reporter-output>
          </reporter-output>
        </test-method> <!-- setUp -->
        <test-method signature="verifyContactLink()[pri:3, instance:testcases.HomePageTest@23f7d05d]" started-at="2020-11-07T17:06:47Z" name="verifyContactLink" finished-at="2020-11-07T17:06:49Z" duration-ms="1864" status="PASS">
          <reporter-output>
          </reporter-output>
        </test-method> <!-- verifyContactLink -->
        <test-method is-config="true" signature="tearDown()[pri:0, instance:testcases.HomePageTest@23f7d05d]" started-at="2020-11-07T17:06:49Z" name="tearDown" finished-at="2020-11-07T17:06:50Z" duration-ms="893" status="PASS">
          <reporter-output>
          </reporter-output>
        </test-method> <!-- tearDown -->
      </class> <!-- testcases.HomePageTest -->
    </test> <!-- Default test -->
  </suite> <!-- Default suite -->
</testng-results>
